2024-04-04 07:58:23,229 - etl_priv_log - INFO - PROCESS START TIME...........................................................................: 2024-04-04 07:58:23.229132

2024-04-04 07:58:23,231 - etl_priv_log - INFO - Read mc_config.ini successful
2024-04-04 07:58:23,233 - etl_priv_log - INFO - Successfully encoded and written 437 lines output file.
2024-04-04 07:58:23,233 - etl_priv_log - INFO - Applying transformation to data
2024-04-04 07:58:23,248 - etl_priv_log - INFO - Required columns successfully captured
2024-04-04 07:58:23,277 - etl_priv_log - INFO - Date formatting successful
2024-04-04 07:58:23,294 - etl_priv_log - INFO - decimal conversion successful
2024-04-04 07:58:23,299 - etl_priv_log - INFO - Reference formatting successful
2024-04-04 07:58:23,299 - etl_priv_log - INFO - Data transformation completed successfully
2024-04-04 07:58:23,299 - etl_priv_log - INFO - Initiating data loading
2024-04-04 07:58:23,302 - etl_priv_log - INFO - MySQL process is already running.
2024-04-04 07:58:23,731 - etl_priv_log - INFO - MySQL connection pool created.
2024-04-04 07:58:23,731 - etl_priv_log - INFO - Connected to mc_pool pool successfully

2024-04-04 07:58:23,731 - etl_priv_log - INFO - Event scheduler is started.

2024-04-04 07:58:23,731 - etl_priv_log - INFO - Inserting records into table...
2024-04-04 07:58:41,035 - etl_priv_log - INFO - ETL complete!
Inserted 436 records.
Skipped 0 duplicate entries.
2024-04-04 07:58:41,036 - etl_priv_log - INFO - File /home/oseloka/pyprojects/maplecourt_py/MapleCourt_propertyMgt/data/priv_statement_utf-8.csv deleted.
2024-04-04 07:58:41,044 - etl_priv_log - INFO - Database connection and cursor are closed
2024-04-04 07:58:41,046 - etl_priv_log - INFO - PROCESS DURATION.............................................................................: 17.817368

