PROCESSING MC1 FINANCIAL REPORT..... 2023-12-26 15:52:27.788944

Obtaining MySQL connection pool to access maplecourt database.
MySQL process is already running.
MySQL connection pool created.
Processing management fee report.
Connected to mc_pool pool successfully

Event scheduler is started
Read mc_config.ini successful
Loading app data from JSON file.
Days in year is 365 days
Records have been retrieved, ready for processing.

UNIT   :  TENANT             :  RENT START  :  RENT STOP   : RENT PRICE  : RENT/DAY : DAYS :   MGT FEE    
----------------------------------------------------------------------------------------------------------
MC1F1  :  Toufic Saba        :  2023-08-15  :  2024-08-15  :  3,500,000  :  719.18  :  31  :   22,294.52  
MC1F3  :  Dr. L Jack         :  2023-07-15  :  2024-04-15  :  3,000,000  :  616.44  :  31  :   19,109.59  
MC1F4  :  Muhammed Imam      :  2023-09-15  :  2024-09-15  :  3,000,000  :  616.44  :  31  :   19,109.59  
MC1F5  :  Franck Momgbe      :  2023-01-01  :  2024-01-01  :  3,000,000  :  616.44  :  31  :   19,109.59  
MC1F6  :  Nkwo Onwuka        :  2023-10-15  :  2024-10-15  :  4,000,000  :  821.92  :  31  :   25,479.45  
MC1F7  :  Somuyiwa Sowemimo  :  2023-09-01  :  2024-09-01  :  3,500,000  :  719.18  :  31  :   22,294.52  
----------------------------------------------------------------------------------------------------------
Total management fee                                                                       :  127,397.26

Read mc_config.ini successful
Writing app data to JSON file.
App data written to JSON file.
Connection and cursor closed.

Processing management fee report completed successfully.

Processing service charge report.
Connected to mc_pool pool successfully

Event scheduler is started
Read mc_config.ini successful
Loading app data from JSON file.
Records retrieved and ready for processing.
S/N  :  ID     :  Date        :  Description                                    :  Amount
-----------------------------------------------------------------------------------------------
  1  :  S0201  :  2023-12-01  :  GARDENING SUPPLIES                             :    6,025.00
  2  :  S0204  :  2023-12-02  :  CLEANER NOV SALARY GTBMTRF                     :   25,000.00
  3  :  S0202  :  2023-12-02  :  CLEANER NOV SALARY REF:                        :       25.00
  4  :  S0205  :  2023-12-02  :  GARDENER NOV SALARY GTBMTRF                    :   40,000.00
  5  :  S0203  :  2023-12-02  :  GARDENER NOV SALARY REF:                       :       25.00
  6  :  S0206  :  2023-12-11  :  GENERATOR SERVICING                            :   50,025.00
  7  :  S0207  :  2023-12-12  :  DIESEL NOVEMBER CLEARED                        :  330,050.01
  8  :  S0208  :  2023-12-19  :                                                 :        3.75
  9  :  S0209  :  2023-12-19  :  SECURITY SALARY CLEARED                        :       50.00
 10  :  S0210  :  2023-12-19  :  SECURITY SALARY CLEARED IFO : FBN/OKWOLI ONOJA JOSHUA   :  120,000.00
-----------------------------------------------------------------------------------------------
Subtotal                                                                        :  571,203.76
Management fee                                                                  :   42,840.28
Grand total                                                                     :  614,044.04
Read mc_config.ini successful
Writing app data to JSON file.
App data written to JSON file.
Connection and cursor closed.

Processing service charge report completed successfully.


Processing non-service charge report.
Connected to mc_pool pool successfully

Event scheduler is started
Read mc_config.ini successful
Loading app data from JSON file.
Records retrieved for processing.

S/N  :  ID     :  Date        : Description                                     :    Amount    :   Amount2
--------------------------------------------------------------------------------------------------------------
  1  :    485  :  2023-12-12  :  REHAB F2 REMOVE TILES                          :   75,050.00  :   82,500.00
  2  :    486  :  2023-12-12  :  REHAB PLUMBING REMOVAL .                       :   12,000.01  :   12,000.01
  3  :    490  :  2023-12-13  :  REHAB F2 PLASTERING MATERIAL                   :   72,050.00  :   79,200.00
  4  :    488  :  2023-12-13  :  REHAB F6 REMOVE CABINETRY                      :   30,000.00  :   33,000.00
  5  :    487  :  2023-12-13  :  REHAB F6 REMOVE DOOR                           :    8,025.00  :    8,800.00
  6  :    489  :  2023-12-14  :  REHAB F2 ELECTRICAL FITTINGS REMOVAL           :    7,500.00  :    8,200.00
--------------------------------------------------------------------------------------------------------------
Subtotal 1                                                                      :  204,625.01  :
Subtotal 2                                                                                     :  223,700.01
Management fee                                                                                 :   16,777.50
Grand total                                                                                    :  240,477.51
Read mc_config.ini successful
Writing app data to JSON file.
App data written to JSON file.
Connection and cursor closed.

Processing non-service charge report completed successfully.

Processing inflow reports.
Connected to mc_pool pool successfully

Event scheduler is started
Read mc_config.ini successful
Loading app data from JSON file.
Last payment id: 55
Connection and cursor closed.

Processing inflow reports completed successfully.

Processing bill settlement.
Read mc_config.ini successful
Loading app data from JSON file.
No new payment or pending bill
No new payment or pending bill
No new payment or pending bill
Read mc_config.ini successful
Writing app data to JSON file.
App data written to JSON file.
Bill settlement process complete
Processing bill settlement completed successfully.

Generating report pdf document.
Read mc_config.ini successful
Read mc_config.ini successful
Loading app data from JSON file.
Report pdf has been generated
Generating report pdf document completed successfully.

Processing mc_1 financial report completed successfully..... 2023-12-26 15:52:28.584193

